0 info it worked if it ends with ok
1 verbose cli [ 'D:\\nodejs\\node.exe',
1 verbose cli   'D:\\nodejs\\node_modules\\npm\\bin\\npm-cli.js',
1 verbose cli   'start',
1 verbose cli   '3001' ]
2 info using npm@3.10.10
3 info using node@v6.11.4
4 verbose run-script [ 'prestart', 'start', 'poststart' ]
5 info lifecycle h5musicplayer@0.0.0~prestart: h5musicplayer@0.0.0
6 silly lifecycle h5musicplayer@0.0.0~prestart: no script for prestart, continuing
7 info lifecycle h5musicplayer@0.0.0~start: h5musicplayer@0.0.0
8 verbose lifecycle h5musicplayer@0.0.0~start: unsafe-perm in lifecycle true
9 verbose lifecycle h5musicplayer@0.0.0~start: PATH: D:\nodejs\node_modules\npm\bin\node-gyp-bin;D:\workspaces\H5MusicPlayer\node_modules\.bin;C:\Users\Administrator\bin;C:\Program Files\Git\mingw64\bin;C:\Program Files\Git\usr\local\bin;C:\Program Files\Git\usr\bin;C:\Program Files\Git\usr\bin;C:\Program Files\Git\mingw64\bin;C:\Program Files\Git\usr\bin;C:\Users\Administrator\bin;C:\jdk1.8.0_25\bin;C:\ProgramData\Oracle\Java\javapath;C:\WINDOWS\system32;C:\WINDOWS;C:\WINDOWS\System32\Wbem;C:\WINDOWS\System32\WindowsPowerShell\v1.0;C:\jdk1.8.0_25\lib\Access_JDBC30.jar;E:\Rational Rose\common;C:\Program Files\MySQL\MySQL Server 5.7\bin;E:\phpstudy\php\php-5.4.45;C:\ProgramData\ComposerSetup\bin;C:\Program Files\Microsoft SQL Server\110\Tools\Binn;D:\nodejs;C:\Program Files (x86)\Microsoft SQL Server\100\Tools\Binn;C:\Program Files\Microsoft SQL Server\100\Tools\Binn;C:\Program Files\Microsoft SQL Server\100\DTS\Binn;C:\Program Files (x86)\Microsoft SQL Server\100\Tools\Binn\VSShell\Common7\IDE;C:\Program Files (x86)\Microsoft SQL Server\100\DTS\Binn;% ANDROID_SDK_HOME%\platform-tools;% ANDROID_SDK_HOME%\tools;C:\Users\Administrator\AppData\Local\Microsoft\WindowsApps;C:\Users\Administrator\AppData\Roaming\Composer\vendor\bin;C:\Users\Administrator\AppData\Roaming\npm;C:\Users\Administrator\AppData\Local\GitHubDesktop\bin;C:\Program Files\Git\usr\bin\vendor_perl;C:\Program Files\Git\usr\bin\core_perl
10 verbose lifecycle h5musicplayer@0.0.0~start: CWD: D:\workspaces\H5MusicPlayer
11 silly lifecycle h5musicplayer@0.0.0~start: Args: [ '/d /s /c', 'node ./bin/www "3001"' ]
12 silly lifecycle h5musicplayer@0.0.0~start: Returned: code: 1  signal: null
13 info lifecycle h5musicplayer@0.0.0~start: Failed to exec start script
14 verbose stack Error: h5musicplayer@0.0.0 start: `node ./bin/www "3001"`
14 verbose stack Exit status 1
14 verbose stack     at EventEmitter.<anonymous> (D:\nodejs\node_modules\npm\lib\utils\lifecycle.js:255:16)
14 verbose stack     at emitTwo (events.js:106:13)
14 verbose stack     at EventEmitter.emit (events.js:191:7)
14 verbose stack     at ChildProcess.<anonymous> (D:\nodejs\node_modules\npm\lib\utils\spawn.js:40:14)
14 verbose stack     at emitTwo (events.js:106:13)
14 verbose stack     at ChildProcess.emit (events.js:191:7)
14 verbose stack     at maybeClose (internal/child_process.js:920:16)
14 verbose stack     at Process.ChildProcess._handle.onexit (internal/child_process.js:230:5)
15 verbose pkgid h5musicplayer@0.0.0
16 verbose cwd D:\workspaces\H5MusicPlayer
17 error Windows_NT 10.0.14393
18 error argv "D:\\nodejs\\node.exe" "D:\\nodejs\\node_modules\\npm\\bin\\npm-cli.js" "start" "3001"
19 error node v6.11.4
20 error npm  v3.10.10
21 error code ELIFECYCLE
22 error h5musicplayer@0.0.0 start: `node ./bin/www "3001"`
22 error Exit status 1
23 error Failed at the h5musicplayer@0.0.0 start script 'node ./bin/www "3001"'.
23 error Make sure you have the latest version of node.js and npm installed.
23 error If you do, this is most likely a problem with the h5musicplayer package,
23 error not with npm itself.
23 error Tell the author that this fails on your system:
23 error     node ./bin/www "3001"
23 error You can get information on how to open an issue for this project with:
23 error     npm bugs h5musicplayer
23 error Or if that isn't available, you can get their info via:
23 error     npm owner ls h5musicplayer
23 error There is likely additional logging output above.
24 verbose exit [ 1, true ]
